<?xml version="1.0" encoding="UTF-8"?>
<testng-results ignored="0" total="1" passed="1" failed="0" skipped="0">
  <reporter-output>
  </reporter-output>
  <suite started-at="2022-06-28T03:03:11 GMT-07:00" name="Default suite" finished-at="2022-06-28T03:03:27 GMT-07:00" duration-ms="15510">
    <groups>
      <group name="cucumber">
        <method signature="AbstractTestNGCucumberTests.runScenario(io.cucumber.testng.PickleWrapper,io.cucumber.testng.FeatureWrapper)[pri:0, instance:cucumberOptions.TestNg_testRunner@61862a7f]" name="runScenario" class="io.cucumber.testng.AbstractTestNGCucumberTests"/>
      </group> <!-- cucumber -->
    </groups>
    <test started-at="2022-06-28T03:03:11 GMT-07:00" name="Default test" finished-at="2022-06-28T03:03:27 GMT-07:00" duration-ms="15510">
      <class name="cucumberOptions.TestNg_testRunner">
        <test-method is-config="true" signature="setUpClass(org.testng.ITestContext)[pri:0, instance:cucumberOptions.TestNg_testRunner@61862a7f]" started-at="2022-06-28T03:03:11 GMT-07:00" name="setUpClass" finished-at="2022-06-28T03:03:13 GMT-07:00" duration-ms="1649" status="PASS">
          <params>
            <param index="0">
              <value>
                <![CDATA[org.testng.TestRunner@11de56e6]]>
              </value>
            </param>
          </params>
          <reporter-output>
          </reporter-output>
        </test-method> <!-- setUpClass -->
        <test-method signature="runScenario(io.cucumber.testng.PickleWrapper,io.cucumber.testng.FeatureWrapper)[pri:0, instance:cucumberOptions.TestNg_testRunner@61862a7f]" started-at="2022-06-28T03:03:13 GMT-07:00" name="runScenario" description="Runs Cucumber Scenarios" data-provider="scenarios" finished-at="2022-06-28T03:03:27 GMT-07:00" duration-ms="13617" status="PASS">
          <params>
            <param index="0">
              <value>
                <![CDATA["Login experince with valid id and Passward"]]>
              </value>
            </param>
            <param index="1">
              <value>
                <![CDATA["Open Orange Hrm and user login with valid creadential"]]>
              </value>
            </param>
          </params>
          <reporter-output>
          </reporter-output>
        </test-method> <!-- runScenario -->
        <test-method is-config="true" signature="tearDownClass()[pri:0, instance:cucumberOptions.TestNg_testRunner@61862a7f]" started-at="2022-06-28T03:03:27 GMT-07:00" name="tearDownClass" finished-at="2022-06-28T03:03:27 GMT-07:00" duration-ms="158" status="PASS">
          <reporter-output>
          </reporter-output>
        </test-method> <!-- tearDownClass -->
      </class> <!-- cucumberOptions.TestNg_testRunner -->
    </test> <!-- Default test -->
  </suite> <!-- Default suite -->
</testng-results>
